build/app/intermediates/manifest_merge_blame_file/debug/manifest-merger-blame-debug-report.txt
1<?xml version="1.0" encoding="utf-8"?>
2<manifest xmlns:android="http://schemas.android.com/apk/res/android"
3    package="com.mtb"
4    android:versionCode="1"
5    android:versionName="1.0.0" >
6
7    <uses-sdk
8        android:minSdkVersion="21"
9        android:targetSdkVersion="33" />
10    <!--
11         The INTERNET permission is required for development. Specifically,
12         the Flutter tool needs it to communicate with the running application
13         to allow setting breakpoints, to provide hot reload, etc.
14    -->
15    <uses-permission android:name="android.permission.INTERNET" />
15-->src/main/AndroidManifest.xml:2:5-66
15-->src/main/AndroidManifest.xml:2:22-64
16    <uses-permission android:name="android.permission.WRITE_EXTERNAL_STORAGE" />
16-->src/main/AndroidManifest.xml:3:5-81
16-->src/main/AndroidManifest.xml:3:22-78
17    <uses-permission android:name="android.permission.READ_EXTERNAL_STORAGE" />
17-->src/main/AndroidManifest.xml:4:5-80
17-->src/main/AndroidManifest.xml:4:22-77
18    <uses-permission android:name="android.permission.ACCESS_NETWORK_STATE" />
18-->[:connectivity_plus] AndroidManifest.xml:9:5-79
18-->[:connectivity_plus] AndroidManifest.xml:9:22-76
19
20    <queries>
20-->[:twitter_login] AndroidManifest.xml:9:5-13:15
21        <intent>
21-->[:twitter_login] AndroidManifest.xml:10:9-12:18
22            <action android:name="android.support.customtabs.action.CustomTabsService" />
22-->[:twitter_login] AndroidManifest.xml:11:13-90
22-->[:twitter_login] AndroidManifest.xml:11:21-87
23        </intent>
24
25        <package android:name="com.facebook.katana" />
25-->[com.facebook.android:facebook-common:16.2.0] AndroidManifest.xml:18:9-55
25-->[com.facebook.android:facebook-common:16.2.0] AndroidManifest.xml:18:18-52
26    </queries>
27
28    <uses-permission android:name="android.permission.WAKE_LOCK" />
28-->[com.google.android.gms:play-services-measurement-api:21.3.0] AndroidManifest.xml:24:5-68
28-->[com.google.android.gms:play-services-measurement-api:21.3.0] AndroidManifest.xml:24:22-65
29    <uses-permission android:name="com.google.android.gms.permission.AD_ID" />
29-->[com.google.android.gms:play-services-measurement-api:21.3.0] AndroidManifest.xml:25:5-79
29-->[com.google.android.gms:play-services-measurement-api:21.3.0] AndroidManifest.xml:25:22-76
30    <uses-permission android:name="com.google.android.finsky.permission.BIND_GET_INSTALL_REFERRER_SERVICE" />
30-->[com.google.android.gms:play-services-measurement:21.3.0] AndroidManifest.xml:26:5-110
30-->[com.google.android.gms:play-services-measurement:21.3.0] AndroidManifest.xml:26:22-107
31
32    <permission
32-->[androidx.core:core:1.10.1] AndroidManifest.xml:22:5-24:47
33        android:name="com.mtb.DYNAMIC_RECEIVER_NOT_EXPORTED_PERMISSION"
33-->[androidx.core:core:1.10.1] AndroidManifest.xml:23:9-81
34        android:protectionLevel="signature" />
34-->[androidx.core:core:1.10.1] AndroidManifest.xml:24:9-44
35
36    <uses-permission android:name="com.mtb.DYNAMIC_RECEIVER_NOT_EXPORTED_PERMISSION" />
36-->[androidx.core:core:1.10.1] AndroidManifest.xml:26:5-97
36-->[androidx.core:core:1.10.1] AndroidManifest.xml:26:22-94
37
38    <application
39        android:name="android.app.Application"
40        android:appComponentFactory="androidx.core.app.CoreComponentFactory"
40-->[androidx.core:core:1.10.1] AndroidManifest.xml:28:18-86
41        android:debuggable="true"
42        android:icon="@mipmap/ic_launcher"
43        android:label="MTB"
44        android:requestLegacyExternalStorage="true"
45        android:supportsRtl="true" >
45-->[com.facebook.android:facebook-android-sdk:16.2.0] AndroidManifest.xml:16:18-44
46        <activity
47            android:name="com.mtb.MainActivity"
48            android:configChanges="orientation|keyboardHidden|keyboard|screenSize|smallestScreenSize|locale|layoutDirection|fontScale|screenLayout|density|uiMode"
49            android:exported="true"
50            android:hardwareAccelerated="true"
51            android:launchMode="singleTop"
52            android:theme="@style/LaunchTheme"
53            android:windowSoftInputMode="adjustResize" >
54
55            <!--
56                 Specifies an Android theme to apply to this Activity as soon as
57                 the Android process has started. This theme is visible to the user
58                 while the Flutter UI initializes. After that, this theme continues
59                 to determine the Window background behind the Flutter UI.
60            -->
61            <meta-data
62                android:name="io.flutter.embedding.android.NormalTheme"
63                android:resource="@style/NormalTheme" />
64
65            <intent-filter>
66                <action android:name="android.intent.action.MAIN" />
67
68                <category android:name="android.intent.category.LAUNCHER" />
69            </intent-filter>
70        </activity>
71        <activity
72            android:name="com.facebook.FacebookActivity"
73            android:configChanges="keyboard|keyboardHidden|screenLayout|screenSize|orientation"
74            android:label="@string/app_name"
75            android:theme="@style/com_facebook_activity_theme" />
75-->[com.facebook.android:facebook-common:16.2.0] AndroidManifest.xml:25:13-63
76        <activity
77            android:name="com.facebook.CustomTabActivity"
78            android:exported="true" >
79            <intent-filter>
80                <action android:name="android.intent.action.VIEW" />
80-->[com.facebook.android:facebook-common:16.2.0] AndroidManifest.xml:32:17-69
80-->[com.facebook.android:facebook-common:16.2.0] AndroidManifest.xml:32:25-66
81
82                <category android:name="android.intent.category.DEFAULT" />
82-->[com.facebook.android:facebook-common:16.2.0] AndroidManifest.xml:34:17-76
82-->[com.facebook.android:facebook-common:16.2.0] AndroidManifest.xml:34:27-73
83                <category android:name="android.intent.category.BROWSABLE" />
83-->[com.facebook.android:facebook-common:16.2.0] AndroidManifest.xml:35:17-78
83-->[com.facebook.android:facebook-common:16.2.0] AndroidManifest.xml:35:27-75
84
85                <data android:scheme="@string/fb_login_protocol_scheme" />
85-->[com.facebook.android:facebook-common:16.2.0] AndroidManifest.xml:37:17-39:50
85-->[com.facebook.android:facebook-common:16.2.0] AndroidManifest.xml:39:21-47
86                <data android:scheme="https://mind-the-bill.firebaseapp.com/__/auth/handler" />
86-->[com.facebook.android:facebook-common:16.2.0] AndroidManifest.xml:37:17-39:50
86-->[com.facebook.android:facebook-common:16.2.0] AndroidManifest.xml:39:21-47
87            </intent-filter>
88            <intent-filter>
88-->[com.facebook.android:facebook-common:16.2.0] AndroidManifest.xml:31:13-40:29
89                <action android:name="android.intent.action.VIEW" />
89-->[com.facebook.android:facebook-common:16.2.0] AndroidManifest.xml:32:17-69
89-->[com.facebook.android:facebook-common:16.2.0] AndroidManifest.xml:32:25-66
90
91                <category android:name="android.intent.category.DEFAULT" />
91-->[com.facebook.android:facebook-common:16.2.0] AndroidManifest.xml:34:17-76
91-->[com.facebook.android:facebook-common:16.2.0] AndroidManifest.xml:34:27-73
92                <category android:name="android.intent.category.BROWSABLE" />
92-->[com.facebook.android:facebook-common:16.2.0] AndroidManifest.xml:35:17-78
92-->[com.facebook.android:facebook-common:16.2.0] AndroidManifest.xml:35:27-75
93
94                <data
94-->[com.facebook.android:facebook-common:16.2.0] AndroidManifest.xml:37:17-39:50
95                    android:host="cct.com.mtb"
95-->[com.facebook.android:facebook-common:16.2.0] AndroidManifest.xml:38:21-56
96                    android:scheme="fbconnect" />
96-->[com.facebook.android:facebook-common:16.2.0] AndroidManifest.xml:39:21-47
97            </intent-filter>
98        </activity>
99
100        <!--
101             Don't delete the meta-data below.
102             This is used by the Flutter tool to generate GeneratedPluginRegistrant.java
103        -->
104        <meta-data
105            android:name="flutterEmbedding"
106            android:value="2" />
107        <meta-data
108            android:name="com.facebook.sdk.ApplicationId"
109            android:value="@string/facebook_app_id" />
110        <meta-data
111            android:name="com.facebook.sdk.ClientToken"
112            android:value="@string/facebook_client_token" />
113
114        <service
114-->[:firebase_auth] AndroidManifest.xml:10:9-14:19
115            android:name="com.google.firebase.components.ComponentDiscoveryService"
115-->[:firebase_auth] AndroidManifest.xml:10:18-89
116            android:directBootAware="true"
116-->[com.google.firebase:firebase-common:20.3.3] AndroidManifest.xml:34:13-43
117            android:exported="false" >
117-->[com.google.firebase:firebase-analytics-ktx:21.3.0] AndroidManifest.xml:10:13-37
118            <meta-data
118-->[:firebase_auth] AndroidManifest.xml:11:13-13:85
119                android:name="com.google.firebase.components:io.flutter.plugins.firebase.auth.FlutterFirebaseAuthRegistrar"
119-->[:firebase_auth] AndroidManifest.xml:12:17-124
120                android:value="com.google.firebase.components.ComponentRegistrar" />
120-->[:firebase_auth] AndroidManifest.xml:13:17-82
121            <meta-data
121-->[:firebase_core] AndroidManifest.xml:11:13-13:85
122                android:name="com.google.firebase.components:io.flutter.plugins.firebase.core.FlutterFirebaseCoreRegistrar"
122-->[:firebase_core] AndroidManifest.xml:12:17-124
123                android:value="com.google.firebase.components.ComponentRegistrar" />
123-->[:firebase_core] AndroidManifest.xml:13:17-82
124            <meta-data
124-->[com.google.firebase:firebase-analytics-ktx:21.3.0] AndroidManifest.xml:11:13-13:85
125                android:name="com.google.firebase.components:com.google.firebase.analytics.ktx.FirebaseAnalyticsKtxRegistrar"
125-->[com.google.firebase:firebase-analytics-ktx:21.3.0] AndroidManifest.xml:12:17-126
126                android:value="com.google.firebase.components.ComponentRegistrar" />
126-->[com.google.firebase:firebase-analytics-ktx:21.3.0] AndroidManifest.xml:13:17-82
127            <meta-data
127-->[com.google.firebase:firebase-auth:22.1.1] AndroidManifest.xml:69:13-71:85
128                android:name="com.google.firebase.components:com.google.firebase.auth.FirebaseAuthRegistrar"
128-->[com.google.firebase:firebase-auth:22.1.1] AndroidManifest.xml:70:17-109
129                android:value="com.google.firebase.components.ComponentRegistrar" />
129-->[com.google.firebase:firebase-auth:22.1.1] AndroidManifest.xml:71:17-82
130            <meta-data
130-->[com.google.firebase:firebase-common-ktx:20.3.3] AndroidManifest.xml:14:13-16:85
131                android:name="com.google.firebase.components:com.google.firebase.ktx.FirebaseCommonKtxRegistrar"
131-->[com.google.firebase:firebase-common-ktx:20.3.3] AndroidManifest.xml:15:17-113
132                android:value="com.google.firebase.components.ComponentRegistrar" />
132-->[com.google.firebase:firebase-common-ktx:20.3.3] AndroidManifest.xml:16:17-82
133            <meta-data
133-->[com.google.android.gms:play-services-measurement-api:21.3.0] AndroidManifest.xml:31:13-33:85
134                android:name="com.google.firebase.components:com.google.firebase.analytics.connector.internal.AnalyticsConnectorRegistrar"
134-->[com.google.android.gms:play-services-measurement-api:21.3.0] AndroidManifest.xml:32:17-139
135                android:value="com.google.firebase.components.ComponentRegistrar" />
135-->[com.google.android.gms:play-services-measurement-api:21.3.0] AndroidManifest.xml:33:17-82
136            <meta-data
136-->[com.google.firebase:firebase-installations:17.1.4] AndroidManifest.xml:15:13-17:85
137                android:name="com.google.firebase.components:com.google.firebase.installations.FirebaseInstallationsRegistrar"
137-->[com.google.firebase:firebase-installations:17.1.4] AndroidManifest.xml:16:17-127
138                android:value="com.google.firebase.components.ComponentRegistrar" />
138-->[com.google.firebase:firebase-installations:17.1.4] AndroidManifest.xml:17:17-82
139        </service>
140
141        <provider
141-->[:image_picker_android] AndroidManifest.xml:10:9-18:20
142            android:name="io.flutter.plugins.imagepicker.ImagePickerFileProvider"
142-->[:image_picker_android] AndroidManifest.xml:11:13-82
143            android:authorities="com.mtb.flutter.image_provider"
143-->[:image_picker_android] AndroidManifest.xml:12:13-74
144            android:exported="false"
144-->[:image_picker_android] AndroidManifest.xml:13:13-37
145            android:grantUriPermissions="true" >
145-->[:image_picker_android] AndroidManifest.xml:14:13-47
146            <meta-data
146-->[:image_picker_android] AndroidManifest.xml:15:13-17:75
147                android:name="android.support.FILE_PROVIDER_PATHS"
147-->[:image_picker_android] AndroidManifest.xml:16:17-67
148                android:resource="@xml/flutter_image_picker_file_paths" />
148-->[:image_picker_android] AndroidManifest.xml:17:17-72
149        </provider>
150
151        <activity android:name="com.maru.twitter_login.chrome_custom_tabs.ChromeCustomTabsActivity" />
151-->[:twitter_login] AndroidManifest.xml:16:9-103
151-->[:twitter_login] AndroidManifest.xml:16:19-100
152        <!--
153           Declares a provider which allows us to store files to share in
154           '.../caches/share_plus' and grant the receiving action access
155        -->
156        <provider
156-->[:share_plus] AndroidManifest.xml:15:9-23:20
157            android:name="dev.fluttercommunity.plus.share.ShareFileProvider"
157-->[:share_plus] AndroidManifest.xml:16:13-77
158            android:authorities="com.mtb.flutter.share_provider"
158-->[:share_plus] AndroidManifest.xml:17:13-74
159            android:exported="false"
159-->[:share_plus] AndroidManifest.xml:18:13-37
160            android:grantUriPermissions="true" >
160-->[:share_plus] AndroidManifest.xml:19:13-47
161            <meta-data
161-->[:image_picker_android] AndroidManifest.xml:15:13-17:75
162                android:name="android.support.FILE_PROVIDER_PATHS"
162-->[:image_picker_android] AndroidManifest.xml:16:17-67
163                android:resource="@xml/flutter_share_file_paths" />
163-->[:image_picker_android] AndroidManifest.xml:17:17-72
164        </provider>
165        <!--
166           This manifest declared broadcast receiver allows us to use an explicit
167           Intent when creating a PendingItent to be informed of the user's choice
168        -->
169        <receiver
169-->[:share_plus] AndroidManifest.xml:28:9-34:20
170            android:name="dev.fluttercommunity.plus.share.SharePlusPendingIntent"
170-->[:share_plus] AndroidManifest.xml:29:13-82
171            android:exported="false" >
171-->[:share_plus] AndroidManifest.xml:30:13-37
172            <intent-filter>
172-->[:share_plus] AndroidManifest.xml:31:13-33:29
173                <action android:name="EXTRA_CHOSEN_COMPONENT" />
173-->[:share_plus] AndroidManifest.xml:32:17-65
173-->[:share_plus] AndroidManifest.xml:32:25-62
174            </intent-filter>
175        </receiver>
176
177        <activity android:name="com.facebook.CustomTabMainActivity" />
177-->[com.facebook.android:facebook-common:16.2.0] AndroidManifest.xml:26:9-71
177-->[com.facebook.android:facebook-common:16.2.0] AndroidManifest.xml:26:19-68
178        <activity
178-->[com.google.android.gms:play-services-auth:20.6.0] AndroidManifest.xml:23:9-27:75
179            android:name="com.google.android.gms.auth.api.signin.internal.SignInHubActivity"
179-->[com.google.android.gms:play-services-auth:20.6.0] AndroidManifest.xml:24:13-93
180            android:excludeFromRecents="true"
180-->[com.google.android.gms:play-services-auth:20.6.0] AndroidManifest.xml:25:13-46
181            android:exported="false"
181-->[com.google.android.gms:play-services-auth:20.6.0] AndroidManifest.xml:26:13-37
182            android:theme="@android:style/Theme.Translucent.NoTitleBar" />
182-->[com.google.android.gms:play-services-auth:20.6.0] AndroidManifest.xml:27:13-72
183        <!--
184            Service handling Google Sign-In user revocation. For apps that do not integrate with
185            Google Sign-In, this service will never be started.
186        -->
187        <service
187-->[com.google.android.gms:play-services-auth:20.6.0] AndroidManifest.xml:33:9-37:51
188            android:name="com.google.android.gms.auth.api.signin.RevocationBoundService"
188-->[com.google.android.gms:play-services-auth:20.6.0] AndroidManifest.xml:34:13-89
189            android:exported="true"
189-->[com.google.android.gms:play-services-auth:20.6.0] AndroidManifest.xml:35:13-36
190            android:permission="com.google.android.gms.auth.api.signin.permission.REVOCATION_NOTIFICATION"
190-->[com.google.android.gms:play-services-auth:20.6.0] AndroidManifest.xml:36:13-107
191            android:visibleToInstantApps="true" />
191-->[com.google.android.gms:play-services-auth:20.6.0] AndroidManifest.xml:37:13-48
192
193        <activity
193-->[com.google.firebase:firebase-auth:22.1.1] AndroidManifest.xml:29:9-46:20
194            android:name="com.google.firebase.auth.internal.GenericIdpActivity"
194-->[com.google.firebase:firebase-auth:22.1.1] AndroidManifest.xml:30:13-80
195            android:excludeFromRecents="true"
195-->[com.google.firebase:firebase-auth:22.1.1] AndroidManifest.xml:31:13-46
196            android:exported="true"
196-->[com.google.firebase:firebase-auth:22.1.1] AndroidManifest.xml:32:13-36
197            android:launchMode="singleTask"
197-->[com.google.firebase:firebase-auth:22.1.1] AndroidManifest.xml:33:13-44
198            android:theme="@android:style/Theme.Translucent.NoTitleBar" >
198-->[com.google.firebase:firebase-auth:22.1.1] AndroidManifest.xml:34:13-72
199            <intent-filter>
199-->[com.google.firebase:firebase-auth:22.1.1] AndroidManifest.xml:35:13-45:29
200                <action android:name="android.intent.action.VIEW" />
200-->[com.facebook.android:facebook-common:16.2.0] AndroidManifest.xml:32:17-69
200-->[com.facebook.android:facebook-common:16.2.0] AndroidManifest.xml:32:25-66
201
202                <category android:name="android.intent.category.DEFAULT" />
202-->[com.facebook.android:facebook-common:16.2.0] AndroidManifest.xml:34:17-76
202-->[com.facebook.android:facebook-common:16.2.0] AndroidManifest.xml:34:27-73
203                <category android:name="android.intent.category.BROWSABLE" />
203-->[com.facebook.android:facebook-common:16.2.0] AndroidManifest.xml:35:17-78
203-->[com.facebook.android:facebook-common:16.2.0] AndroidManifest.xml:35:27-75
204
205                <data
205-->[com.facebook.android:facebook-common:16.2.0] AndroidManifest.xml:37:17-39:50
206                    android:host="firebase.auth"
206-->[com.facebook.android:facebook-common:16.2.0] AndroidManifest.xml:38:21-56
207                    android:path="/"
208                    android:scheme="genericidp" />
208-->[com.facebook.android:facebook-common:16.2.0] AndroidManifest.xml:39:21-47
209            </intent-filter>
210        </activity>
211        <activity
211-->[com.google.firebase:firebase-auth:22.1.1] AndroidManifest.xml:47:9-64:20
212            android:name="com.google.firebase.auth.internal.RecaptchaActivity"
212-->[com.google.firebase:firebase-auth:22.1.1] AndroidManifest.xml:48:13-79
213            android:excludeFromRecents="true"
213-->[com.google.firebase:firebase-auth:22.1.1] AndroidManifest.xml:49:13-46
214            android:exported="true"
214-->[com.google.firebase:firebase-auth:22.1.1] AndroidManifest.xml:50:13-36
215            android:launchMode="singleTask"
215-->[com.google.firebase:firebase-auth:22.1.1] AndroidManifest.xml:51:13-44
216            android:theme="@android:style/Theme.Translucent.NoTitleBar" >
216-->[com.google.firebase:firebase-auth:22.1.1] AndroidManifest.xml:52:13-72
217            <intent-filter>
217-->[com.google.firebase:firebase-auth:22.1.1] AndroidManifest.xml:53:13-63:29
218                <action android:name="android.intent.action.VIEW" />
218-->[com.facebook.android:facebook-common:16.2.0] AndroidManifest.xml:32:17-69
218-->[com.facebook.android:facebook-common:16.2.0] AndroidManifest.xml:32:25-66
219
220                <category android:name="android.intent.category.DEFAULT" />
220-->[com.facebook.android:facebook-common:16.2.0] AndroidManifest.xml:34:17-76
220-->[com.facebook.android:facebook-common:16.2.0] AndroidManifest.xml:34:27-73
221                <category android:name="android.intent.category.BROWSABLE" />
221-->[com.facebook.android:facebook-common:16.2.0] AndroidManifest.xml:35:17-78
221-->[com.facebook.android:facebook-common:16.2.0] AndroidManifest.xml:35:27-75
222
223                <data
223-->[com.facebook.android:facebook-common:16.2.0] AndroidManifest.xml:37:17-39:50
224                    android:host="firebase.auth"
224-->[com.facebook.android:facebook-common:16.2.0] AndroidManifest.xml:38:21-56
225                    android:path="/"
226                    android:scheme="recaptcha" />
226-->[com.facebook.android:facebook-common:16.2.0] AndroidManifest.xml:39:21-47
227            </intent-filter>
228        </activity>
229        <activity
229-->[com.google.android.gms:play-services-base:18.0.1] AndroidManifest.xml:20:9-22:45
230            android:name="com.google.android.gms.common.api.GoogleApiActivity"
230-->[com.google.android.gms:play-services-base:18.0.1] AndroidManifest.xml:20:19-85
231            android:exported="false"
231-->[com.google.android.gms:play-services-base:18.0.1] AndroidManifest.xml:22:19-43
232            android:theme="@android:style/Theme.Translucent.NoTitleBar" />
232-->[com.google.android.gms:play-services-base:18.0.1] AndroidManifest.xml:21:19-78
233
234        <provider
234-->[com.google.firebase:firebase-common:20.3.3] AndroidManifest.xml:25:9-30:39
235            android:name="com.google.firebase.provider.FirebaseInitProvider"
235-->[com.google.firebase:firebase-common:20.3.3] AndroidManifest.xml:26:13-77
236            android:authorities="com.mtb.firebaseinitprovider"
236-->[com.google.firebase:firebase-common:20.3.3] AndroidManifest.xml:27:13-72
237            android:directBootAware="true"
237-->[com.google.firebase:firebase-common:20.3.3] AndroidManifest.xml:28:13-43
238            android:exported="false"
238-->[com.google.firebase:firebase-common:20.3.3] AndroidManifest.xml:29:13-37
239            android:initOrder="100" />
239-->[com.google.firebase:firebase-common:20.3.3] AndroidManifest.xml:30:13-36
240
241        <receiver
241-->[com.google.android.gms:play-services-measurement:21.3.0] AndroidManifest.xml:29:9-33:20
242            android:name="com.google.android.gms.measurement.AppMeasurementReceiver"
242-->[com.google.android.gms:play-services-measurement:21.3.0] AndroidManifest.xml:30:13-85
243            android:enabled="true"
243-->[com.google.android.gms:play-services-measurement:21.3.0] AndroidManifest.xml:31:13-35
244            android:exported="false" >
244-->[com.google.android.gms:play-services-measurement:21.3.0] AndroidManifest.xml:32:13-37
245        </receiver>
246
247        <service
247-->[com.google.android.gms:play-services-measurement:21.3.0] AndroidManifest.xml:35:9-38:40
248            android:name="com.google.android.gms.measurement.AppMeasurementService"
248-->[com.google.android.gms:play-services-measurement:21.3.0] AndroidManifest.xml:36:13-84
249            android:enabled="true"
249-->[com.google.android.gms:play-services-measurement:21.3.0] AndroidManifest.xml:37:13-35
250            android:exported="false" />
250-->[com.google.android.gms:play-services-measurement:21.3.0] AndroidManifest.xml:38:13-37
251        <service
251-->[com.google.android.gms:play-services-measurement:21.3.0] AndroidManifest.xml:39:9-43:72
252            android:name="com.google.android.gms.measurement.AppMeasurementJobService"
252-->[com.google.android.gms:play-services-measurement:21.3.0] AndroidManifest.xml:40:13-87
253            android:enabled="true"
253-->[com.google.android.gms:play-services-measurement:21.3.0] AndroidManifest.xml:41:13-35
254            android:exported="false"
254-->[com.google.android.gms:play-services-measurement:21.3.0] AndroidManifest.xml:42:13-37
255            android:permission="android.permission.BIND_JOB_SERVICE" />
255-->[com.google.android.gms:play-services-measurement:21.3.0] AndroidManifest.xml:43:13-69
256
257        <meta-data
257-->[com.google.android.gms:play-services-basement:18.2.0] AndroidManifest.xml:21:9-23:69
258            android:name="com.google.android.gms.version"
258-->[com.google.android.gms:play-services-basement:18.2.0] AndroidManifest.xml:22:13-58
259            android:value="@integer/google_play_services_version" />
259-->[com.google.android.gms:play-services-basement:18.2.0] AndroidManifest.xml:23:13-66
260        <!--
261         The initialization ContentProvider will call FacebookSdk.sdkInitialize automatically
262         with the application context. This config is merged in with the host app's manifest,
263         but there can only be one provider with the same authority activated at any given
264         point; so if the end user has two or more different apps that use Facebook SDK, only the
265         first one will be able to use the provider. To work around this problem, we use the
266         following placeholder in the authority to identify each host application as if it was
267         a completely different provider.
268        -->
269        <provider
269-->[com.facebook.android:facebook-core:16.2.0] AndroidManifest.xml:29:9-32:40
270            android:name="com.facebook.internal.FacebookInitProvider"
270-->[com.facebook.android:facebook-core:16.2.0] AndroidManifest.xml:30:13-70
271            android:authorities="com.mtb.FacebookInitProvider"
271-->[com.facebook.android:facebook-core:16.2.0] AndroidManifest.xml:31:13-72
272            android:exported="false" />
272-->[com.facebook.android:facebook-core:16.2.0] AndroidManifest.xml:32:13-37
273
274        <receiver
274-->[com.facebook.android:facebook-core:16.2.0] AndroidManifest.xml:34:9-40:20
275            android:name="com.facebook.CurrentAccessTokenExpirationBroadcastReceiver"
275-->[com.facebook.android:facebook-core:16.2.0] AndroidManifest.xml:35:13-86
276            android:exported="false" >
276-->[com.facebook.android:facebook-core:16.2.0] AndroidManifest.xml:36:13-37
277            <intent-filter>
277-->[com.facebook.android:facebook-core:16.2.0] AndroidManifest.xml:37:13-39:29
278                <action android:name="com.facebook.sdk.ACTION_CURRENT_ACCESS_TOKEN_CHANGED" />
278-->[com.facebook.android:facebook-core:16.2.0] AndroidManifest.xml:38:17-95
278-->[com.facebook.android:facebook-core:16.2.0] AndroidManifest.xml:38:25-92
279            </intent-filter>
280        </receiver>
281        <receiver
281-->[com.facebook.android:facebook-core:16.2.0] AndroidManifest.xml:41:9-47:20
282            android:name="com.facebook.AuthenticationTokenManager$CurrentAuthenticationTokenChangedBroadcastReceiver"
282-->[com.facebook.android:facebook-core:16.2.0] AndroidManifest.xml:42:13-118
283            android:exported="false" >
283-->[com.facebook.android:facebook-core:16.2.0] AndroidManifest.xml:43:13-37
284            <intent-filter>
284-->[com.facebook.android:facebook-core:16.2.0] AndroidManifest.xml:44:13-46:29
285                <action android:name="com.facebook.sdk.ACTION_CURRENT_AUTHENTICATION_TOKEN_CHANGED" />
285-->[com.facebook.android:facebook-core:16.2.0] AndroidManifest.xml:45:17-103
285-->[com.facebook.android:facebook-core:16.2.0] AndroidManifest.xml:45:25-100
286            </intent-filter>
287        </receiver>
288
289        <uses-library
289-->[androidx.window:window:1.0.0-beta04] AndroidManifest.xml:25:9-27:40
290            android:name="androidx.window.extensions"
290-->[androidx.window:window:1.0.0-beta04] AndroidManifest.xml:26:13-54
291            android:required="false" />
291-->[androidx.window:window:1.0.0-beta04] AndroidManifest.xml:27:13-37
292        <uses-library
292-->[androidx.window:window:1.0.0-beta04] AndroidManifest.xml:28:9-30:40
293            android:name="androidx.window.sidecar"
293-->[androidx.window:window:1.0.0-beta04] AndroidManifest.xml:29:13-51
294            android:required="false" />
294-->[androidx.window:window:1.0.0-beta04] AndroidManifest.xml:30:13-37
295
296        <provider
296-->[androidx.profileinstaller:profileinstaller:1.3.0] AndroidManifest.xml:24:9-32:20
297            android:name="androidx.startup.InitializationProvider"
297-->[androidx.profileinstaller:profileinstaller:1.3.0] AndroidManifest.xml:25:13-67
298            android:authorities="com.mtb.androidx-startup"
298-->[androidx.profileinstaller:profileinstaller:1.3.0] AndroidManifest.xml:26:13-68
299            android:exported="false" >
299-->[androidx.profileinstaller:profileinstaller:1.3.0] AndroidManifest.xml:27:13-37
300            <meta-data
300-->[androidx.profileinstaller:profileinstaller:1.3.0] AndroidManifest.xml:29:13-31:52
301                android:name="androidx.profileinstaller.ProfileInstallerInitializer"
301-->[androidx.profileinstaller:profileinstaller:1.3.0] AndroidManifest.xml:30:17-85
302                android:value="androidx.startup" />
302-->[androidx.profileinstaller:profileinstaller:1.3.0] AndroidManifest.xml:31:17-49
303        </provider>
304
305        <receiver
305-->[androidx.profileinstaller:profileinstaller:1.3.0] AndroidManifest.xml:34:9-52:20
306            android:name="androidx.profileinstaller.ProfileInstallReceiver"
306-->[androidx.profileinstaller:profileinstaller:1.3.0] AndroidManifest.xml:35:13-76
307            android:directBootAware="false"